This is pdfeTeX, Version 3.141592-1.21a-2.2 (Web2C 7.5.4) (format=pdflatex 2011.6.11)  21 MAR 2012 23:59
entering extended mode
**gJetsThesis_BUformat.tex
(./gJetsThesis_BUformat.tex
LaTeX2e <2008/12/01>
Babel <v3.8d> and hyphenation patterns for american, french, german, ngerman, b
ahasa, basque, bulgarian, catalan, croatian, czech, danish, dutch, esperanto, e
stonian, finnish, greek, icelandic, irish, italian, latin, magyar, norsk, polis
h, portuges, romanian, russian, serbian, slovak, slovene, spanish, swedish, tur
kish, ukrainian, nohyphenation, loaded.
(./phd.cls
Document Class: phd 2007/05/10

===============================================================================

BAYLOR UNIVERSITY
Department of Mathematics
Ph.D. Thesis LaTeX style file
Created and maintained by John Davis
CURRENT AS OF: April 7, 2009

WARNING: Margins, etc. have beeen calibrated for the copier in the Mathematics 
Department.

There are no guarantees that other printers will yield correct results.
===============================================================================

(/sw/share/texmf-dist/tex/latex/base/report.cls
Document Class: report 2004/02/16 v1.4f Standard LaTeX document class
(/sw/share/texmf-dist/tex/latex/base/size12.clo
File: size12.clo 2004/02/16 v1.4f Standard LaTeX file (size option)
)
\c@part=\count79
\c@chapter=\count80
\c@section=\count81
\c@subsection=\count82
\c@subsubsection=\count83
\c@paragraph=\count84
\c@subparagraph=\count85
\c@figure=\count86
\c@table=\count87
\abovecaptionskip=\skip41
\belowcaptionskip=\skip42
\bibindent=\dimen102
)
(/sw/share/texmf-dist/tex/latex/tools/indentfirst.sty
Package: indentfirst 1995/11/23 v1.03 Indent first paragraph (DPC)
)
(/sw/share/texmf-dist/tex/latex/base/ifthen.sty
Package: ifthen 2001/05/26 v1.1c Standard LaTeX ifthen package (DPC)
)
\c@th@SecNum=\count88
\c@th@SectionSave=\count89
\th@SubSubSecSpc=\skip43
\c@th@storepage=\count90


LaTeX Warning: You have requested document class `phd',
               but the document class provides `amsthm'.

Document Class: amsthm 2000/10/26 v2.08
\thm@style=\toks14
\thm@bodyfont=\toks15
\thm@headfont=\toks16
\thm@notefont=\toks17
\thm@headpunct=\toks18
\thm@preskip=\skip44
\thm@postskip=\skip45
\thm@headsep=\skip46
\dth@everypar=\toks19
) (/sw/share/texmf-dist/tex/latex/amsfonts/amssymb.sty
Package: amssymb 2002/01/22 v2.2d

(/sw/share/texmf-dist/tex/latex/amsfonts/amsfonts.sty
Package: amsfonts 2001/10/25 v2.2f
\@emptytoks=\toks20
\symAMSa=\mathgroup4
\symAMSb=\mathgroup5
LaTeX Font Info:    Overwriting math alphabet `\mathfrak' in version `bold'
(Font)                  U/euf/m/n --> U/euf/b/n on input line 132.
))
(/sw/share/texmf-dist/tex/latex/amsmath/amsmath.sty
Package: amsmath 2000/07/18 v2.13 AMS math features
\@mathmargin=\skip47

For additional information on amsmath, use the `?' option.
(/sw/share/texmf-dist/tex/latex/amsmath/amstext.sty
Package: amstext 2000/06/29 v2.01

(/sw/share/texmf-dist/tex/latex/amsmath/amsgen.sty
File: amsgen.sty 1999/11/30 v2.0
\@emptytoks=\toks21
\ex@=\dimen103
))
(/sw/share/texmf-dist/tex/latex/amsmath/amsbsy.sty
Package: amsbsy 1999/11/29 v1.2d
\pmbraise@=\dimen104
)
(/sw/share/texmf-dist/tex/latex/amsmath/amsopn.sty
Package: amsopn 1999/12/14 v2.01 operator names
)
\inf@bad=\count91
LaTeX Info: Redefining \frac on input line 211.
\uproot@=\count92
\leftroot@=\count93
LaTeX Info: Redefining \overline on input line 307.
\classnum@=\count94
\DOTSCASE@=\count95
LaTeX Info: Redefining \ldots on input line 379.
LaTeX Info: Redefining \dots on input line 382.
LaTeX Info: Redefining \cdots on input line 467.
\Mathstrutbox@=\box26
\strutbox@=\box27
\big@size=\dimen105
LaTeX Font Info:    Redeclaring font encoding OML on input line 567.
LaTeX Font Info:    Redeclaring font encoding OMS on input line 568.
\macc@depth=\count96
\c@MaxMatrixCols=\count97
\dotsspace@=\muskip10
\c@parentequation=\count98
\dspbrk@lvl=\count99
\tag@help=\toks22
\row@=\count100
\column@=\count101
\maxfields@=\count102
\andhelp@=\toks23
\eqnshift@=\dimen106
\alignsep@=\dimen107
\tagshift@=\dimen108
\tagwidth@=\dimen109
\totwidth@=\dimen110
\lineht@=\dimen111
\@envbody=\toks24
\multlinegap=\skip48
\multlinetaggap=\skip49
\mathdisplay@stack=\toks25
LaTeX Info: Redefining \[ on input line 2666.
LaTeX Info: Redefining \] on input line 2667.
)
(/sw/share/texmf-dist/tex/latex/graphics/graphicx.sty
Package: graphicx 1999/02/16 v1.0f Enhanced LaTeX Graphics (DPC,SPQR)

(/sw/share/texmf-dist/tex/latex/graphics/keyval.sty
Package: keyval 1999/03/16 v1.13 key=value parser (DPC)
\KV@toks@=\toks26
)
(/sw/share/texmf-dist/tex/latex/graphics/graphics.sty
Package: graphics 2001/07/07 v1.0n Standard LaTeX Graphics (DPC,SPQR)

(/sw/share/texmf-dist/tex/latex/graphics/trig.sty
Package: trig 1999/03/16 v1.09 sin cos tan (DPC)
)
(/sw/share/texmf-dist/tex/latex/graphics/graphics.cfg
File: graphics.cfg 2005/02/03 v1.3 graphics configuration of teTeX/TeXLive
)
Package graphics Info: Driver file: pdftex.def on input line 80.

(/sw/share/texmf-dist/tex/latex/graphics/pdftex.def
File: pdftex.def 2002/06/19 v0.03k graphics/color for pdftex
\Gread@gobject=\count103
))
\Gin@req@height=\dimen112
\Gin@req@width=\dimen113
)
\c@theorem=\count104
\c@corollary=\count105
\c@lemma=\count106
\c@prop=\count107
\c@result=\count108
\c@definition=\count109
\c@remark=\count110
\c@example=\count111

(/sw/share/texmf-dist/tex/latex/geometry/geometry.sty
Package: geometry 2002/07/08 v3.2 Page Geometry
\Gm@cnth=\count112
\Gm@cntv=\count113
\c@Gm@tempcnt=\count114
\Gm@bindingoffset=\dimen114
\Gm@wd@mp=\dimen115
\Gm@odd@mp=\dimen116
\Gm@even@mp=\dimen117
\Gm@dimlist=\toks27

(/sw/share/texmf-dist/tex/latex/geometry/geometry.cfg))
(/sw/share/texmf-dist/tex/latex/tools/xspace.sty
Package: xspace 1997/10/13 v1.06 Space after command names (DPC)
)
(/sw/share/texmf-dist/tex/latex/rotating/rotating.sty
Package: rotating 1997/09/26 v2.13 Rotation package
\c@r@tfl@t=\count115
\rot@float@box=\box28
)
(/sw/share/texmf-dist/tex/latex/graphics/color.sty
Package: color 1999/02/16 v1.0i Standard LaTeX Color (DPC)

(/sw/share/texmf-dist/tex/latex/graphics/color.cfg
File: color.cfg 2005/02/03 v1.3 color configuration of teTeX/TeXLive
)
Package color Info: Driver file: pdftex.def on input line 125.
) (./lineno.sty
Package: lineno 2005/11/02 line numbers on paragraphs v4.41
\linenopenalty=\count116
\output=\toks28
\linenoprevgraf=\count117
\linenumbersep=\dimen118
\linenumberwidth=\dimen119
\c@linenumber=\count118
\c@pagewiselinenumber=\count119
\c@LN@truepage=\count120
\c@internallinenumber=\count121
\c@internallinenumbers=\count122
\quotelinenumbersep=\dimen120
\bframerule=\dimen121
\bframesep=\dimen122
\bframebox=\box29
LaTeX Info: Redefining \\ on input line 3056.
)
(/sw/share/texmf-dist/tex/latex/subfigure/subfigure.sty
Package: subfigure 2002/07/30 v2.1.4 subfigure package
\subfigtopskip=\skip50
\subfigcapskip=\skip51
\subfigcaptopadj=\dimen123
\subfigbottomskip=\skip52
\subfigcapmargin=\dimen124
\subfiglabelskip=\skip53
\c@subfigure=\count123
\c@lofdepth=\count124
\c@subtable=\count125
\c@lotdepth=\count126

****************************************
* Local config file subfigure.cfg used *
****************************************
(/sw/share/texmf-dist/tex/latex/subfigure/subfigure.cfg)
\subfig@top=\skip54
\subfig@bottom=\skip55
)
(/sw/share/texmf-dist/tex/latex/multirow/multirow.sty
\bigstrutjot=\dimen125
)
(/sw/share/texmf-dist/tex/latex/base/textcomp.sty
Package: textcomp 2004/02/22 v1.99f Standard LaTeX package
Package textcomp Info: Sub-encoding information:
(textcomp)               5 = only ISO-Adobe without \textcurrency
(textcomp)               4 = 5 + \texteuro
(textcomp)               3 = 4 + \textohm
(textcomp)               2 = 3 + \textestimated + \textcurrency
(textcomp)               1 = TS1 - \textcircled - \t
(textcomp)               0 = TS1 (full)
(textcomp)             Font families with sub-encoding setting implement
(textcomp)             only a restricted character set as indicated.
(textcomp)             Family '?' is the default used for unknown fonts.
(textcomp)             See the documentation for details.
Package textcomp Info: Setting ? sub-encoding to TS1/1 on input line 71.

(/sw/share/texmf-dist/tex/latex/base/ts1enc.def
File: ts1enc.def 2001/06/05 v3.0e (jk/car/fm) Standard LaTeX file
)
LaTeX Info: Redefining \oldstylenums on input line 266.
Package textcomp Info: Setting cmr sub-encoding to TS1/0 on input line 281.
Package textcomp Info: Setting cmss sub-encoding to TS1/0 on input line 282.
Package textcomp Info: Setting cmtt sub-encoding to TS1/0 on input line 283.
Package textcomp Info: Setting cmvtt sub-encoding to TS1/0 on input line 284.
Package textcomp Info: Setting cmbr sub-encoding to TS1/0 on input line 285.
Package textcomp Info: Setting cmtl sub-encoding to TS1/0 on input line 286.
Package textcomp Info: Setting ccr sub-encoding to TS1/0 on input line 287.
Package textcomp Info: Setting ptm sub-encoding to TS1/4 on input line 288.
Package textcomp Info: Setting pcr sub-encoding to TS1/4 on input line 289.
Package textcomp Info: Setting phv sub-encoding to TS1/4 on input line 290.
Package textcomp Info: Setting ppl sub-encoding to TS1/3 on input line 291.
Package textcomp Info: Setting pag sub-encoding to TS1/4 on input line 292.
Package textcomp Info: Setting pbk sub-encoding to TS1/4 on input line 293.
Package textcomp Info: Setting pnc sub-encoding to TS1/4 on input line 294.
Package textcomp Info: Setting pzc sub-encoding to TS1/4 on input line 295.
Package textcomp Info: Setting bch sub-encoding to TS1/4 on input line 296.
Package textcomp Info: Setting put sub-encoding to TS1/5 on input line 297.
Package textcomp Info: Setting uag sub-encoding to TS1/5 on input line 298.
Package textcomp Info: Setting ugq sub-encoding to TS1/5 on input line 299.
Package textcomp Info: Setting ul8 sub-encoding to TS1/4 on input line 300.
Package textcomp Info: Setting ul9 sub-encoding to TS1/4 on input line 301.
Package textcomp Info: Setting augie sub-encoding to TS1/5 on input line 302.
Package textcomp Info: Setting dayrom sub-encoding to TS1/3 on input line 303.
Package textcomp Info: Setting dayroms sub-encoding to TS1/3 on input line 304.

Package textcomp Info: Setting pxr sub-encoding to TS1/0 on input line 305.
Package textcomp Info: Setting pxss sub-encoding to TS1/0 on input line 306.
Package textcomp Info: Setting pxtt sub-encoding to TS1/0 on input line 307.
Package textcomp Info: Setting txr sub-encoding to TS1/0 on input line 308.
Package textcomp Info: Setting txss sub-encoding to TS1/0 on input line 309.
Package textcomp Info: Setting txtt sub-encoding to TS1/0 on input line 310.
Package textcomp Info: Setting futs sub-encoding to TS1/4 on input line 311.
Package textcomp Info: Setting futx sub-encoding to TS1/4 on input line 312.
Package textcomp Info: Setting futj sub-encoding to TS1/4 on input line 313.
Package textcomp Info: Setting hlh sub-encoding to TS1/3 on input line 314.
Package textcomp Info: Setting hls sub-encoding to TS1/3 on input line 315.
Package textcomp Info: Setting hlst sub-encoding to TS1/3 on input line 316.
Package textcomp Info: Setting hlct sub-encoding to TS1/5 on input line 317.
Package textcomp Info: Setting hlx sub-encoding to TS1/5 on input line 318.
Package textcomp Info: Setting hlce sub-encoding to TS1/5 on input line 319.
Package textcomp Info: Setting hlcn sub-encoding to TS1/5 on input line 320.
Package textcomp Info: Setting hlcw sub-encoding to TS1/5 on input line 321.
Package textcomp Info: Setting hlcf sub-encoding to TS1/5 on input line 322.
Package textcomp Info: Setting pplx sub-encoding to TS1/3 on input line 323.
Package textcomp Info: Setting pplj sub-encoding to TS1/3 on input line 324.
Package textcomp Info: Setting ptmx sub-encoding to TS1/4 on input line 325.
Package textcomp Info: Setting ptmj sub-encoding to TS1/4 on input line 326.
)
(/sw/share/texmf-dist/tex/latex/caption/caption.sty
Package: caption 2004/07/16 v3.0c Customising captions (AS)
\captionmargin=\dimen126
\captionwidth=\dimen127
\captionindent=\dimen128
\captionparindent=\dimen129
\captionhangindent=\dimen130
Package caption Info: rotating package v2.0 (or newer) detected on input line 6
40.
) (./CustomCommands.tex)
Copyright page will be printed.
(./gJetsThesis_BUformat.aux)
\openout1 = `gJetsThesis_BUformat.aux'.

LaTeX Font Info:    Checking defaults for OML/cmm/m/it on input line 156.
LaTeX Font Info:    ... okay on input line 156.
LaTeX Font Info:    Checking defaults for T1/cmr/m/n on input line 156.
LaTeX Font Info:    ... okay on input line 156.
LaTeX Font Info:    Checking defaults for OT1/cmr/m/n on input line 156.
LaTeX Font Info:    ... okay on input line 156.
LaTeX Font Info:    Checking defaults for OMS/cmsy/m/n on input line 156.
LaTeX Font Info:    ... okay on input line 156.
LaTeX Font Info:    Checking defaults for OMX/cmex/m/n on input line 156.
LaTeX Font Info:    ... okay on input line 156.
LaTeX Font Info:    Checking defaults for U/cmr/m/n on input line 156.
LaTeX Font Info:    ... okay on input line 156.
LaTeX Font Info:    Checking defaults for TS1/cmr/m/n on input line 156.
LaTeX Font Info:    Try loading font information for TS1+cmr on input line 156.

 (/sw/share/texmf-dist/tex/latex/base/ts1cmr.fd
File: ts1cmr.fd 1999/05/25 v2.5h Standard LaTeX font definitions
)
LaTeX Font Info:    ... okay on input line 156.

(/sw/share/texmf-dist/tex/context/base/supp-pdf.tex
(/sw/share/texmf-dist/tex/context/base/supp-mis.tex
loading : Context Support Macros / Miscellaneous (2004.10.26)
\protectiondepth=\count127
\scratchcounter=\count128
\scratchtoks=\toks29
\scratchdimen=\dimen131
\scratchskip=\skip56
\scratchmuskip=\muskip11
\scratchbox=\box30
\scratchread=\read1
\scratchwrite=\write3
\zeropoint=\dimen132
\onepoint=\dimen133
\onebasepoint=\dimen134
\minusone=\count129
\thousandpoint=\dimen135
\onerealpoint=\dimen136
\emptytoks=\toks30
\nextbox=\box31
\nextdepth=\dimen137
\everyline=\toks31
\!!counta=\count130
\!!countb=\count131
\recursecounter=\count132
)
loading : Context Support Macros / PDF (2004.03.26)
\nofMPsegments=\count133
\nofMParguments=\count134
\MPscratchCnt=\count135
\MPscratchDim=\dimen138
\MPnumerator=\count136
\everyMPtoPDFconversion=\toks32
)
-------------------- Geometry parameters
paper: class default
landscape: --
twocolumn: --
twoside: --
asymmetric: --
h-parts: 92.14519pt, 0.7\paperwidth , 92.14519pt (default)
v-parts: 95.39737pt, 0.7\paperheight , 143.09605pt (default)
hmarginratio: 1:1
vmarginratio: 2:3
lines: --
heightrounded: --
bindingoffset: 0.0pt
truedimen: --
includehead: --
includefoot: --
includemp: --
driver: pdftex
-------------------- Page layout dimensions and switches
\paperwidth  614.295pt
\paperheight 794.96999pt
\textwidth  427.83826pt
\textheight 645.91312pt
\oddsidemargin  39.74872pt
\evensidemargin 39.74872pt
\topmargin  25.29494pt
\headheight 0.0pt
\headsep    29.35968pt
\footskip   23.48752pt
\marginparwidth 44.0pt
\marginparsep   10.0pt
\columnsep  10.0pt
\skip\footins  10.8pt plus 4.0pt minus 2.0pt
\hoffset 0.0pt
\voffset -49.68562pt
\mag 1000

(1in=72.27pt, 1cm=28.45pt)
-----------------------
 (/sw/share/texmf-dist/tex/latex/ms/ragged2e.sty
Package: ragged2e 2003/03/25 v2.04 ragged2e Package (MS)

(/sw/share/texmf-dist/tex/latex/ms/everysel.sty
Package: everysel 1999/06/08 v1.03 EverySelectfont Package (MS)
LaTeX Info: Redefining \selectfont on input line 125.
)
\CenteringLeftskip=\skip57
\RaggedLeftLeftskip=\skip58
\RaggedRightLeftskip=\skip59
\CenteringRightskip=\skip60
\RaggedLeftRightskip=\skip61
\RaggedRightRightskip=\skip62
\CenteringParfillskip=\skip63
\RaggedLeftParfillskip=\skip64
\RaggedRightParfillskip=\skip65
\JustifyingParfillskip=\skip66
\CenteringParindent=\skip67
\RaggedLeftParindent=\skip68
\RaggedRightParindent=\skip69
\JustifyingParindent=\skip70
)
LaTeX Font Info:    Try loading font information for U+msa on input line 156.

(/sw/share/texmf-dist/tex/latex/amsfonts/umsa.fd
File: umsa.fd 2002/01/19 v2.2g AMS font definitions
)
LaTeX Font Info:    Try loading font information for U+msb on input line 156.

(/sw/share/texmf-dist/tex/latex/amsfonts/umsb.fd
File: umsb.fd 2002/01/19 v2.2g AMS font definitions
) (./Abstract.tex) [1


{/sw/var/lib/texmf/fonts/map/pdftex/updmap/pdftex.map}]
Underfull \hbox (badness 10000) in alignment at lines 156--156
[]
 []


Overfull \hbox (0.4442pt too wide) in alignment at lines 156--156
[]
 []

[2] [3] (./gJetsThesis_BUformat.toc
Underfull \hbox (badness 10000) in paragraph at lines 5--5
[]  
 []

[3

] [4] [5] [6])
\tf@toc=\write4
\openout4 = `gJetsThesis_BUformat.toc'.

 [7] (./gJetsThesis_BUformat.lof [8

]
Overfull \hbox (1.80272pt too wide) in paragraph at lines 42--42
 [][] []\OT1/cmr/m/n/12 Diagram de-pict-ing par-ti-cle in-ter-ac-tions with dif
-fer-ent de-tec-tors. These 
 []

[9] [10] [11] [12] [13]
Overfull \hbox (2.0379pt too wide) in paragraph at lines 123--123
 [][] []\OT1/cmr/m/n/12 Distribution of weights used to reweight the side-band 
events in Method 
 []

[14] [15] [16]
Overfull \hbox (3.42851pt too wide) in paragraph at lines 189--189
 [][] []\OT1/cmr/m/n/12 Kinematic dis-tri-bu-tions of [] + [] $\OML/cmm/m/it/12
 >$ \OT1/cmr/m/n/12 20 GeV and [] 
 []

[17])
\tf@lof=\write5
\openout5 = `gJetsThesis_BUformat.lof'.

 [18]
Making Short LoT...
(./gJetsThesis_BUformat.lot [19

] [20])
\tf@lot=\write6
\openout6 = `gJetsThesis_BUformat.lot'.

 [21] [22] [23

]
**************************
 \th@ChapterStyle\th@DoChapCenterCHAPTER 1.
(./Introduction2.tex [1


]
<SM_particlesComplete.pdf, id=118, 520.94624pt x 580.1675pt>
File: SM_particlesComplete.pdf Graphic file (type pdf)

<use SM_particlesComplete.pdf> [2] [3 <./SM_particlesComplete.pdf>]
<Interactions.pdf, id=137, 777.90625pt x 557.08125pt>
File: Interactions.pdf Graphic file (type pdf)
 <use Interactions.pdf>
Overfull \hbox (21.42715pt too wide) in paragraph at lines 50--64
 [][] 
 []

[4] [5 <./Interactions.pdf>] [6]) [7] [8]
**************************
 \th@ChapterStyle\th@DoChapCenterCHAPTER 2.
(./Theory.tex <./LeptonInteraction.pdf, id=173, 501.875pt x 351.3125pt>
File: ./LeptonInteraction.pdf Graphic file (type pdf)

<use ./LeptonInteraction.pdf> [9

]
<./RunningStrongCoupling.png, id=183, 579.66562pt x 556.32843pt>
File: ./RunningStrongCoupling.png Graphic file (type png)

<use ./RunningStrongCoupling.png>
Overfull \hbox (6.90988pt too wide) in paragraph at lines 23--25
 [][] 
 []

[10 <./LeptonInteraction.pdf>] [11 <./RunningStrongCoupling.png>]
<images/QCD_vertices_1.pdf, id=201, 351.3125pt x 298.11375pt>
File: images/QCD_vertices_1.pdf Graphic file (type pdf)

<use images/QCD_vertices_1.pdf>
<images/QCD_vertices_2.pdf, id=202, 351.3125pt x 298.11375pt>
File: images/QCD_vertices_2.pdf Graphic file (type pdf)

<use images/QCD_vertices_2.pdf>
<images/QCD_vertices_3.pdf, id=203, 288.07625pt x 298.11375pt>
File: images/QCD_vertices_3.pdf Graphic file (type pdf)

<use images/QCD_vertices_3.pdf> [12 <./images/QCD_vertices_1.pdf> <./images/QCD
_vertices_2.pdf> <./images/QCD_vertices_3.pdf>]
<./WeakInteractionVertex1.pdf, id=232, 501.875pt x 351.3125pt>
File: ./WeakInteractionVertex1.pdf Graphic file (type pdf)

<use ./WeakInteractionVertex1.pdf>
<./WeakInteractionVertex2.pdf, id=233, 501.875pt x 351.3125pt>
File: ./WeakInteractionVertex2.pdf Graphic file (type pdf)

<use ./WeakInteractionVertex2.pdf>
<./WeakInteractionVertex3.pdf, id=234, 501.875pt x 351.3125pt>
File: ./WeakInteractionVertex3.pdf Graphic file (type pdf)

<use ./WeakInteractionVertex3.pdf>

LaTeX Warning: `h' float specifier changed to `ht'.

<./Helicity.pdf, id=235, 501.875pt x 158.5925pt>
File: ./Helicity.pdf Graphic file (type pdf)
 <use ./Helicity.pdf>

LaTeX Warning: `!h' float specifier changed to `!ht'.

[13] [14 <./WeakInteractionVertex1.pdf> <./WeakInteractionVertex2.pdf> <./WeakI
nteractionVertex3.pdf> <./Helicity.pdf>]
<./guts_forceUnification2.jpg, id=290, 429.605pt x 363.3575pt>
File: ./guts_forceUnification2.jpg Graphic file (type jpg)

<use ./guts_forceUnification2.jpg> [15] [16 <./guts_forceUnification2.jpg>]
<./SMHiggsDivergentContributions.png, id=297, 821.31844pt x 210.7875pt>
File: ./SMHiggsDivergentContributions.png Graphic file (type png)

<use ./SMHiggsDivergentContributions.png>
<./CorrectionsToHiggsMass2.png, id=298, 648.92438pt x 432.11438pt>
File: ./CorrectionsToHiggsMass2.png Graphic file (type png)

<use ./CorrectionsToHiggsMass2.png> [17 <./SMHiggsDivergentContributions.png> <
./CorrectionsToHiggsMass2.png>] [18]
<./SM_SUSY_particles.pdf, id=305, 815.20557pt x 370.02242pt>
File: ./SM_SUSY_particles.pdf Graphic file (type pdf)

<use ./SM_SUSY_particles.pdf> [19 <./SM_SUSY_particles.pdf>] [20] [21] [22]
[23] <images/backtoback_gjet_cm_demo.pdf, id=336, 222.8325pt x 284.06125pt>
File: images/backtoback_gjet_cm_demo.pdf Graphic file (type pdf)

<use images/backtoback_gjet_cm_demo.pdf>
<images/backtoback_gjet_lab_demo.pdf, id=337, 298.11375pt x 275.0275pt>
File: images/backtoback_gjet_lab_demo.pdf Graphic file (type pdf)

<use images/backtoback_gjet_lab_demo.pdf> [24 <./images/backtoback_gjet_cm_demo
.pdf> <./images/backtoback_gjet_lab_demo.pdf>]
<images/Feyn_gjet_annihilation.pdf, id=349, 290.08376pt x 151.56625pt>
File: images/Feyn_gjet_annihilation.pdf Graphic file (type pdf)

<use images/Feyn_gjet_annihilation.pdf>
<images/gjets_qq2gpho_annihilation3.pdf, id=350, 292.09125pt x 151.56625pt>
File: images/gjets_qq2gpho_annihilation3.pdf Graphic file (type pdf)

<use images/gjets_qq2gpho_annihilation3.pdf>
<images/Feyn_gjets_annihilation.pdf, id=351, 290.08376pt x 208.78pt>
File: images/Feyn_gjets_annihilation.pdf Graphic file (type pdf)

<use images/Feyn_gjets_annihilation.pdf>
<images/Feyn_gjet_compton.pdf, id=352, 294.09875pt x 150.5625pt>
File: images/Feyn_gjet_compton.pdf Graphic file (type pdf)

<use images/Feyn_gjet_compton.pdf>
<images/gjets_qg2phoq_compton2.pdf, id=353, 372.39125pt x 227.85126pt>
File: images/gjets_qg2phoq_compton2.pdf Graphic file (type pdf)

<use images/gjets_qg2phoq_compton2.pdf>
<images/Feyn_gjets_compton.pdf, id=354, 294.09875pt x 208.78pt>
File: images/Feyn_gjets_compton.pdf Graphic file (type pdf)

<use images/Feyn_gjets_compton.pdf>
<images/gjets_qq2qq_compton.pdf, id=355, 292.09125pt x 210.7875pt>
File: images/gjets_qq2qq_compton.pdf Graphic file (type pdf)

<use images/gjets_qq2qq_compton.pdf>
<images/Feyn_gjet_brem.pdf, id=356, 292.09125pt x 198.7425pt>
File: images/Feyn_gjet_brem.pdf Graphic file (type pdf)

<use images/Feyn_gjet_brem.pdf>
<images/Feyn_gjets_brem.pdf, id=357, 292.09125pt x 255.95625pt>
File: images/Feyn_gjets_brem.pdf Graphic file (type pdf)

<use images/Feyn_gjets_brem.pdf> [25] [26 <./images/Feyn_gjet_annihilation.pdf>
 <./images/gjets_qq2gpho_annihilation3.pdf> <./images/Feyn_gjets_annihilation.p
df> <./images/Feyn_gjet_compton.pdf> <./images/gjets_qg2phoq_compton2.pdf> <./i
mages/Feyn_gjets_compton.pdf> <./images/gjets_qq2qq_compton.pdf> <./images/Feyn
_gjet_brem.pdf> <./images/Feyn_gjets_brem.pdf>]
<./PhoJets_Crosssection.png, id=429, 730.22812pt x 678.28406pt>
File: ./PhoJets_Crosssection.png Graphic file (type png)

<use ./PhoJets_Crosssection.png> [27]
<./ParticleCrossSections.png, id=433, 582.175pt x 704.6325pt>
File: ./ParticleCrossSections.png Graphic file (type png)

<use ./ParticleCrossSections.png> [28 <./PhoJets_Crosssection.png>] [29 <./Part
icleCrossSections.png>] <images/SUSY_1.pdf, id=440, 723.70375pt x 560.0925pt>
File: images/SUSY_1.pdf Graphic file (type pdf)

<use images/SUSY_1.pdf> <images/SUSY_2.pdf, id=441, 726.715pt x 509.905pt>
File: images/SUSY_2.pdf Graphic file (type pdf)

<use images/SUSY_2.pdf>) [30 <./images/SUSY_1.pdf> <./images/SUSY_2.pdf>]
**************************
 \th@ChapterStyle\th@DoChapCenterCHAPTER 3.
(./Experiment.tex <AcceleratorOverview.pdf, id=463, 743.77875pt x 477.785pt>
File: AcceleratorOverview.pdf Graphic file (type pdf)

<use AcceleratorOverview.pdf>
Overfull \hbox (18.43243pt too wide) in paragraph at lines 8--9
 [][] 
 []

[31

] [32 <./AcceleratorOverview.pdf>]
<./Antiproton_production.pdf, id=480, 608.2725pt x 195.73125pt>
File: ./Antiproton_production.pdf Graphic file (type pdf)

<use ./Antiproton_production.pdf> [33]
<./BunchStructure.png, id=484, 1065.22969pt x 962.09438pt>
File: ./BunchStructure.png Graphic file (type png)

<use ./BunchStructure.png> [34 <./Antiproton_production.pdf>] [35 <./BunchStruc
ture.png>] <CDFIntegratedLumi.pdf, id=529, 569.12625pt x 327.2225pt>
File: CDFIntegratedLumi.pdf Graphic file (type pdf)

<use CDFIntegratedLumi.pdf> <CDFInitLum.pdf, id=530, 569.12625pt x 327.2225pt>
File: CDFInitLum.pdf Graphic file (type pdf)

<use CDFInitLum.pdf> [36]
<CDFdetector_cutAwayView.pdf, id=534, 728.7225pt x 547.04375pt>
File: CDFdetector_cutAwayView.pdf Graphic file (type pdf)

<use CDFdetector_cutAwayView.pdf>
Overfull \hbox (9.39862pt too wide) in paragraph at lines 90--91
 [][] 
 []

<decay_chart.pdf, id=535, 443.6575pt x 280.04625pt>
File: decay_chart.pdf Graphic file (type pdf)
 <use decay_chart.pdf>
<./cdfCoordinateSystem.png, id=536, 705.38531pt x 414.04688pt>
File: ./cdfCoordinateSystem.png Graphic file (type png)

<use ./cdfCoordinateSystem.png> [37] [38 <./CDFIntegratedLumi.pdf> <./CDFInitLu
m.pdf>] [39 <./CDFdetector_cutAwayView.pdf>]
<./CDF_ColorQuarter_TowerGeometry.png, id=570, 1693.82813pt x 1411.52344pt>
File: ./CDF_ColorQuarter_TowerGeometry.png Graphic file (type png)

<use ./CDF_ColorQuarter_TowerGeometry.png>
Overfull \hbox (9.29567pt too wide) in paragraph at lines 141--142
\OT1/cmr/m/n/12 pre-cise mea-sure-ment of the lu-mi-nos-ity. Lo-cated close to 
the beam-line ([]),
 []

[40 <./decay_chart.pdf>]
<CLC_withTracks.pdf, id=581, 1255.69125pt x 922.44624pt>
File: CLC_withTracks.pdf Graphic file (type pdf)

<use CLC_withTracks.pdf> [41 <./cdfCoordinateSystem.png>] [42 <./CDF_ColorQuart
er_TowerGeometry.png>]
<CDF_TrackingCoverage.pdf, id=588, 460.72125pt x 297.11pt>
File: CDF_TrackingCoverage.pdf Graphic file (type pdf)

<use CDF_TrackingCoverage.pdf>
Overfull \hbox (9.84445pt too wide) in paragraph at lines 167--169
 [][] 
 []

[43 <./CLC_withTracks.pdf>] <L00EndView.pdf, id=600, 492.84125pt x 275.0275pt>
File: L00EndView.pdf Graphic file (type pdf)

<use L00EndView.pdf> <SvxBulkHeadEndView.pdf, id=601, 417.56pt x 416.55624pt>
File: SvxBulkHeadEndView.pdf Graphic file (type pdf)

<use SvxBulkHeadEndView.pdf>
Overfull \hbox (5.12132pt too wide) in paragraph at lines 187--189
\OT1/cmr/m/n/12 cham-ber pro-vid-ing com-plete charge par-ti-cle track-ing cov-
er-age over the re-gion []
 []

[44 <./CDF_TrackingCoverage.pdf>]
<./cot_end.png, id=609, 611.28375pt x 365.365pt>
File: ./cot_end.png Graphic file (type png)
 <use ./cot_end.png>
<./cot_cells.png, id=610, 365.365pt x 501.875pt>
File: ./cot_cells.png Graphic file (type png)
 <use ./cot_cells.png> [45 <./L00EndView.pdf> <./SvxBulkHeadEndView.pdf>]
<./CPRtile.png, id=628, 435.12563pt x 331.99031pt>
File: ./CPRtile.png Graphic file (type png)
 <use ./CPRtile.png>
<CPR_Location2.png, id=629, 670.75594pt x 767.86874pt>
File: CPR_Location2.png Graphic file (type png)
 <use CPR_Location2.png>
<./CPRcalibration1.png, id=630, 813.0375pt x 566.86781pt>
File: ./CPRcalibration1.png Graphic file (type png)

<use ./CPRcalibration1.png> [46 <./cot_end.png>] [47 <./cot_cells.png>]

LaTeX Warning: Text page 48 contains only floats.

[48 <./CPRtile.png> <./CPR_Location2.png>]
<./ElecCascadeInIron.pdf, id=642, 309.155pt x 219.82124pt>
File: ./ElecCascadeInIron.pdf Graphic file (type pdf)

<use ./ElecCascadeInIron.pdf>
Overfull \hbox (4.97578pt too wide) in paragraph at lines 257--259
 [][] 
 []

[49 <./CPRcalibration1.png>]
<./cdf_cem_wedge.pdf, id=647, 397.485pt x 487.8225pt>
File: ./cdf_cem_wedge.pdf Graphic file (type pdf)

<use ./cdf_cem_wedge.pdf>
<./plugCalSchem.pdf, id=648, 691.58376pt x 569.12625pt>
File: ./plugCalSchem.pdf Graphic file (type pdf)

<use ./plugCalSchem.pdf> [50 <./ElecCascadeInIron.pdf>] [51 <./cdf_cem_wedge.pd
f> <./plugCalSchem.pdf>] <./ces_chamber.pdf, id=683, 493.845pt x 246.9225pt>
File: ./ces_chamber.pdf Graphic file (type pdf)

<use ./ces_chamber.pdf>
Overfull \hbox (11.6824pt too wide) in paragraph at lines 306--308
 [][] 
 []

[52 <./ces_chamber.pdf>] [53]
<./EMtimingSchematic.png, id=696, 590.95781pt x 432.11438pt>
File: ./EMtimingSchematic.png Graphic file (type png)

<use ./EMtimingSchematic.png> [54] [55 <./EMtimingSchematic.png>]
<./XFTStructure.png, id=704, 3027.81187pt x 1629.08624pt>
File: ./XFTStructure.png Graphic file (type png)

<use ./XFTStructure.png> [56 <./XFTStructure.png>]
<./FlashRAMprogram.png, id=708, 1219.55624pt x 739.76375pt>
File: ./FlashRAMprogram.png Graphic file (type png)

<use ./FlashRAMprogram.png> Adding sideways figure on  right hand page [57]
[58 <./FlashRAMprogram.png>]
<./XTRP_dataflow.png, id=715, 707.64375pt x 414.54875pt>
File: ./XTRP_dataflow.png Graphic file (type png)

<use ./XTRP_dataflow.png> [59] [60 <./XTRP_dataflow.png>]
<CDFTriggerSystem_DetParts.pdf, id=723, 570.13pt x 620.3175pt>
File: CDFTriggerSystem_DetParts.pdf Graphic file (type pdf)

<use CDFTriggerSystem_DetParts.pdf>
<CDFTriggerSystem_Scehmatic.pdf, id=724, 492.84125pt x 575.14874pt>
File: CDFTriggerSystem_Scehmatic.pdf Graphic file (type pdf)

<use CDFTriggerSystem_Scehmatic.pdf> [61] [62 <./CDFTriggerSystem_DetParts.pdf>
] [63 <./CDFTriggerSystem_Scehmatic.pdf>]) [64]
**************************
 \th@ChapterStyle\th@DoChapCenterCHAPTER 4.
(./MonteCarloSimulation.tex [65

]
<./ppbar_collision.png, id=759, 1001.99344pt x 506.6428pt>
File: ./ppbar_collision.png Graphic file (type png)

<use ./ppbar_collision.png> [66 <./ppbar_collision.png>]
<./hh_collision.pdf, id=763, 703.62875pt x 378.41376pt>
File: ./hh_collision.pdf Graphic file (type pdf)

<use ./hh_collision.pdf>
<./CTEQ5PDFs_Distributions.png, id=764, 950.80219pt x 925.20656pt>
File: ./CTEQ5PDFs_Distributions.png Graphic file (type png)

<use ./CTEQ5PDFs_Distributions.png>
<./PDFs_Distributions.png, id=765, 1335.48938pt x 645.16031pt>
File: ./PDFs_Distributions.png Graphic file (type png)

<use ./PDFs_Distributions.png> [67] [68 <./hh_collision.pdf>] [69 <./CTEQ5PDFs_
Distributions.png> <./PDFs_Distributions.png>]
<./LundStringModel.pdf, id=803, 193.72375pt x 271.0125pt>
File: ./LundStringModel.pdf Graphic file (type pdf)

<use ./LundStringModel.pdf>
<./LundStringModel2.pdf, id=804, 320.19624pt x 72.27pt>
File: ./LundStringModel2.pdf Graphic file (type pdf)

<use ./LundStringModel2.pdf>
<./StringFormationInQQsystem.png, id=805, 1077.27469pt x 557.08125pt>
File: ./StringFormationInQQsystem.png Graphic file (type png)

<use ./StringFormationInQQsystem.png>
<./StringFormations.png, id=806, 1351.29843pt x 931.98187pt>
File: ./StringFormations.png Graphic file (type png)

<use ./StringFormations.png>
<./StringFormations2.png, id=807, 753.5653pt x 619.56468pt>
File: ./StringFormations2.png Graphic file (type png)

<use ./StringFormations2.png> [70]

LaTeX Warning: Text page 71 contains only floats.

[71 <./LundStringModel.pdf> <./LundStringModel2.pdf> <./StringFormationInQQsyst
em.png> <./StringFormations.png> <./StringFormations2.png>]
<./CDFinGEANT.png, id=832, 979.40906pt x 768.62157pt>
File: ./CDFinGEANT.png Graphic file (type png)
 <use ./CDFinGEANT.png>)
[72] [73 <./CDFinGEANT.png>]
**************************
 \th@ChapterStyle\th@DoChapCenterCHAPTER 5.
(./ObjectReconstruction.tex [74

]
<./PhotonIsolationDemo.png, id=843, 993.7125pt x 662.475pt>
File: ./PhotonIsolationDemo.png Graphic file (type png)

<use ./PhotonIsolationDemo.png> [75 <./PhotonIsolationDemo.png>] [76] [77]
Overfull \hbox (25.06396pt too wide) in paragraph at lines 52--80
 [][] 
 []

[78] [79] [80] [81]
<PartonJetPartcleJetAndCalJet.pdf, id=866, 1203.49625pt x 1805.74625pt>
File: PartonJetPartcleJetAndCalJet.pdf Graphic file (type pdf)

<use PartonJetPartcleJetAndCalJet.pdf>
<./JetClust_SingleCaloTower.png, id=867, 679.78969pt x 461.47406pt>
File: ./JetClust_SingleCaloTower.png Graphic file (type png)

<use ./JetClust_SingleCaloTower.png> [82] [83 <./PartonJetPartcleJetAndCalJet.p
df> <./JetClust_SingleCaloTower.png>] [84] [85] [86]
<./JetCorrections_EtaDependence.png, id=891, 1245.9047pt x 860.46469pt>
File: ./JetCorrections_EtaDependence.png Graphic file (type png)

<use ./JetCorrections_EtaDependence.png>
Overfull \hbox (8.23492pt too wide) in paragraph at lines 320--322
 [][] 
 []

<./JetCorrections_MI_cone4.png, id=892, 830.35219pt x 804.75656pt>
File: ./JetCorrections_MI_cone4.png Graphic file (type png)

<use ./JetCorrections_MI_cone4.png>
<./JetCorrections_MI_cone7.png, id=893, 849.1725pt x 811.53188pt>
File: ./JetCorrections_MI_cone7.png Graphic file (type png)

<use ./JetCorrections_MI_cone7.png>
Overfull \hbox (3.79176pt too wide) in paragraph at lines 331--332
 [][] 
 []

<./JetCorrections_Absolute.png, id=894, 1215.79219pt x 834.86906pt>
File: ./JetCorrections_Absolute.png Graphic file (type png)

<use ./JetCorrections_Absolute.png> [87] [88 <./JetCorrections_EtaDependence.pn
g> <./JetCorrections_MI_cone4.png> <./JetCorrections_MI_cone7.png>] [89 <./JetC
orrections_Absolute.png>]) [90] [91]
**************************
 \th@ChapterStyle\th@DoChapCenterCHAPTER 6.
(./EventSelection.tex
LaTeX Font Info:    Font shape `OT1/cmtt/bx/n' in size <12> not available
(Font)              Font shape `OT1/cmtt/m/n' tried instead on input line 15.

Overfull \hbox (9.41707pt too wide) in paragraph at lines 13--30
 [][] 
 []

[92

]
Overfull \hbox (2.78705pt too wide) in paragraph at lines 39--54
 [][] 
 []

[93] <./PhoCuts_Nminus1_DetEta.pdf, id=917, 569.12625pt x 385.44pt>
File: ./PhoCuts_Nminus1_DetEta.pdf Graphic file (type pdf)

<use ./PhoCuts_Nminus1_DetEta.pdf>
<./PhoCuts_Nminus1_ZCes.pdf, id=918, 569.12625pt x 385.44pt>
File: ./PhoCuts_Nminus1_ZCes.pdf Graphic file (type pdf)

<use ./PhoCuts_Nminus1_ZCes.pdf>
<./PhoCuts_Nminus1_XCes.pdf, id=919, 569.12625pt x 385.44pt>
File: ./PhoCuts_Nminus1_XCes.pdf Graphic file (type pdf)

<use ./PhoCuts_Nminus1_XCes.pdf>
<./PhoCuts_Nminus1_HadEm.pdf, id=920, 569.12625pt x 385.44pt>
File: ./PhoCuts_Nminus1_HadEm.pdf Graphic file (type pdf)

<use ./PhoCuts_Nminus1_HadEm.pdf>
<./PhoCuts_Nminus1_Iso.pdf, id=921, 569.12625pt x 385.44pt>
File: ./PhoCuts_Nminus1_Iso.pdf Graphic file (type pdf)

<use ./PhoCuts_Nminus1_Iso.pdf>
<./PhoCuts_Nminus1_N3d.pdf, id=922, 569.12625pt x 385.44pt>
File: ./PhoCuts_Nminus1_N3d.pdf Graphic file (type pdf)

<use ./PhoCuts_Nminus1_N3d.pdf>
<./PhoCuts_Nminus1_TrkPt.pdf, id=923, 569.12625pt x 385.44pt>
File: ./PhoCuts_Nminus1_TrkPt.pdf Graphic file (type pdf)

<use ./PhoCuts_Nminus1_TrkPt.pdf>
<./PhoCuts_Nminus1_TrkIso.pdf, id=924, 569.12625pt x 385.44pt>
File: ./PhoCuts_Nminus1_TrkIso.pdf Graphic file (type pdf)

<use ./PhoCuts_Nminus1_TrkIso.pdf>
<./PhoCuts_Nminus1_Ces2Strip.pdf, id=925, 569.12625pt x 385.44pt>
File: ./PhoCuts_Nminus1_Ces2Strip.pdf Graphic file (type pdf)

<use ./PhoCuts_Nminus1_Ces2Strip.pdf>
<./PhoCuts_Nminus1_Ces2Wire.pdf, id=926, 569.12625pt x 385.44pt>
File: ./PhoCuts_Nminus1_Ces2Wire.pdf Graphic file (type pdf)

<use ./PhoCuts_Nminus1_Ces2Wire.pdf>
<./PhoCuts_Nminus1_Chi2Mean.pdf, id=927, 569.12625pt x 385.44pt>
File: ./PhoCuts_Nminus1_Chi2Mean.pdf Graphic file (type pdf)

<use ./PhoCuts_Nminus1_Chi2Mean.pdf>
<./p1j_cot_edited.pdf, id=928, 539.01375pt x 491.8375pt>
File: ./p1j_cot_edited.pdf Graphic file (type pdf)

<use ./p1j_cot_edited.pdf> [94] [95 <./PhoCuts_Nminus1_DetEta.pdf> <./PhoCuts_N
minus1_ZCes.pdf> <./PhoCuts_Nminus1_XCes.pdf> <./PhoCuts_Nminus1_HadEm.pdf> <./
PhoCuts_Nminus1_Iso.pdf> <./PhoCuts_Nminus1_N3d.pdf>] [96 <./PhoCuts_Nminus1_Tr
kPt.pdf> <./PhoCuts_Nminus1_TrkIso.pdf> <./PhoCuts_Nminus1_Ces2Strip.pdf> <./Ph
oCuts_Nminus1_Ces2Wire.pdf> <./PhoCuts_Nminus1_Chi2Mean.pdf>] [97 <./p1j_cot_ed
ited.pdf>]) [98] [99]
**************************
 \th@ChapterStyle\th@DoChapCenterCHAPTER 7.
(./Backgrounds.tex [100

] [101]
File: images/Feyn_gjet_annihilation.pdf Graphic file (type pdf)
 <use images/Feyn_gjet_annihilation.pdf>
File: images/gjets_qq2gpho_annihilation3.pdf Graphic file (type pdf)

<use images/gjets_qq2gpho_annihilation3.pdf>
File: images/Feyn_gjets_annihilation.pdf Graphic file (type pdf)

<use images/Feyn_gjets_annihilation.pdf>
File: images/Feyn_gjet_compton.pdf Graphic file (type pdf)
 <use images/Feyn_gjet_compton.pdf>
File: images/gjets_qg2phoq_compton2.pdf Graphic file (type pdf)

<use images/gjets_qg2phoq_compton2.pdf>
File: images/Feyn_gjets_compton.pdf Graphic file (type pdf)
 <use images/Feyn_gjets_compton.pdf>
File: images/gjets_qq2qq_compton.pdf Graphic file (type pdf)

<use images/gjets_qq2qq_compton.pdf>
File: images/Feyn_gjet_brem.pdf Graphic file (type pdf)
 <use images/Feyn_gjet_brem.pdf>
File: images/Feyn_gjets_brem.pdf Graphic file (type pdf)

<use images/Feyn_gjets_brem.pdf> [102] [103]

LaTeX Warning: `!h' float specifier changed to `!ht'.

[104]

LaTeX Warning: `h' float specifier changed to `ht'.

<./Feyn_qqTogg_Annihilation.pdf, id=1086, 355.3275pt x 182.6825pt>
File: ./Feyn_qqTogg_Annihilation.pdf Graphic file (type pdf)

<use ./Feyn_qqTogg_Annihilation.pdf>
<./Feyn_qgTogq_Compton.pdf, id=1087, 356.33125pt x 182.6825pt>
File: ./Feyn_qgTogq_Compton.pdf Graphic file (type pdf)

<use ./Feyn_qgTogq_Compton.pdf>

LaTeX Warning: `h' float specifier changed to `ht'.

[105] <./JetFakingPhotonIllustration.pdf, id=1091, 867.24pt x 299.1175pt>
File: ./JetFakingPhotonIllustration.pdf Graphic file (type pdf)

<use ./JetFakingPhotonIllustration.pdf>
Overfull \hbox (5.78069pt too wide) in paragraph at lines 169--171
 [][] 
 []

<./JetFakeRate.pdf, id=1092, 218.8175pt x 201.75375pt>
File: ./JetFakeRate.pdf Graphic file (type pdf)
 <use ./JetFakeRate.pdf>
[106 <./Feyn_qqTogg_Annihilation.pdf> <./Feyn_qgTogq_Compton.pdf>] [107 <./JetF
akingPhotonIllustration.pdf> <./JetFakeRate.pdf>] [108]
<./EleFakeRate.pdf, id=1134, 368.37625pt x 248.93pt>
File: ./EleFakeRate.pdf Graphic file (type pdf)
 <use ./EleFakeRate.pdf>
[109]

LaTeX Warning: Text page 110 contains only floats.

[110 <./EleFakeRate.pdf>] [111]
<./WJets_NvtxWgts.pdf, id=1149, 569.12625pt x 736.7525pt>
File: ./WJets_NvtxWgts.pdf Graphic file (type pdf)

<use ./WJets_NvtxWgts.pdf>
Overfull \hbox (27.46336pt too wide) in paragraph at lines 302--304
 [][] 
 []


LaTeX Warning: Float too large for page by 10.47295pt on input line 306.

<./WJets_MetWgts.pdf, id=1150, 569.12625pt x 736.7525pt>
File: ./WJets_MetWgts.pdf Graphic file (type pdf)

<use ./WJets_MetWgts.pdf>
Overfull \hbox (27.46336pt too wide) in paragraph at lines 310--312
 [][] 
 []


LaTeX Warning: Float too large for page by 10.47295pt on input line 313.

[112] [113 <./WJets_NvtxWgts.pdf>] [114 <./WJets_MetWgts.pdf>]
<./Feyn_dipho_annihilation.pdf, id=1186, 290.08376pt x 151.56625pt>
File: ./Feyn_dipho_annihilation.pdf Graphic file (type pdf)

<use ./Feyn_dipho_annihilation.pdf> [115]

LaTeX Warning: `!h' float specifier changed to `!ht'.

[116 <./Feyn_dipho_annihilation.pdf>] [117]
<PMT_EM_Asym_twrE_gt_10.jpg, id=1206, 759.83875pt x 508.90125pt>
File: PMT_EM_Asym_twrE_gt_10.jpg Graphic file (type jpg)

<use PMT_EM_Asym_twrE_gt_10.jpg>
Underfull \hbox (badness 2426) in paragraph at lines 440--440
[]|\OT1/cmr/m/n/10.95 Figure 7.9\OT1/cmr/m/n/12 : PMT Asym-me-try ob-served fro
m EM calorime-ter tow-ers with
 []

[118 <./PMT_EM_Asym_twrE_gt_10.jpg>]
<./beam_halo_path.pdf, id=1210, 684.5575pt x 364.36125pt>
File: ./beam_halo_path.pdf Graphic file (type pdf)

<use ./beam_halo_path.pdf>
Overfull \hbox (17.11884pt too wide) in paragraph at lines 453--455
 [][] 
 []

[119 <./beam_halo_path.pdf>]
<BeamHalo_Topology.pdf, id=1223, 565.11125pt x 427.5975pt>
File: BeamHalo_Topology.pdf Graphic file (type pdf)

<use BeamHalo_Topology.pdf>
<./CosmicBeamHalo_EMtiming.pdf, id=1224, 551.05875pt x 408.52625pt>
File: ./CosmicBeamHalo_EMtiming.pdf Graphic file (type pdf)

<use ./CosmicBeamHalo_EMtiming.pdf>
<./haloRejPow_b4cuts.pdf, id=1225, 569.12625pt x 385.44pt>
File: ./haloRejPow_b4cuts.pdf Graphic file (type pdf)

<use ./haloRejPow_b4cuts.pdf>
<./haloRejPow_a4cuts.pdf, id=1226, 569.12625pt x 385.44pt>
File: ./haloRejPow_a4cuts.pdf Graphic file (type pdf)

<use ./haloRejPow_a4cuts.pdf> [120] [121 <./BeamHalo_Topology.pdf>] [122 <./Cos
micBeamHalo_EMtiming.pdf>] [123 <./haloRejPow_b4cuts.pdf> <./haloRejPow_a4cuts.
pdf>] [124] [125] [126]
<./MtbB_RewgtDemo_PhoEt.pdf, id=1291, 569.12625pt x 385.44pt>
File: ./MtbB_RewgtDemo_PhoEt.pdf Graphic file (type pdf)

<use ./MtbB_RewgtDemo_PhoEt.pdf>
<./MtbB_RewgtDemo_JetEt.pdf, id=1292, 569.12625pt x 385.44pt>
File: ./MtbB_RewgtDemo_JetEt.pdf Graphic file (type pdf)

<use ./MtbB_RewgtDemo_JetEt.pdf>
<./MtdB_Sideband_Weights.pdf, id=1293, 569.12625pt x 385.44pt>
File: ./MtdB_Sideband_Weights.pdf Graphic file (type pdf)

<use ./MtdB_Sideband_Weights.pdf> [127] [128 <./MtbB_RewgtDemo_PhoEt.pdf> <./Mt
bB_RewgtDemo_JetEt.pdf>]) [129 <./MtdB_Sideband_Weights.pdf>]
**************************
 \th@ChapterStyle\th@DoChapCenterCHAPTER 8.
(./Systematics.tex
<./JES_FractioanlSystUncertainty.pdf, id=1358, 569.12625pt x 408.52625pt>
File: ./JES_FractioanlSystUncertainty.pdf Graphic file (type pdf)

<use ./JES_FractioanlSystUncertainty.pdf>
Overfull \hbox (27.46336pt too wide) in paragraph at lines 9--11
 [][] 
 []

[130

] [131 <./JES_FractioanlSystUncertainty.pdf>] [132]
<PDFsyst_pj1_Et_pho.pdf, id=1384, 569.12625pt x 385.44pt>
File: PDFsyst_pj1_Et_pho.pdf Graphic file (type pdf)

<use PDFsyst_pj1_Et_pho.pdf>
<PDFsyst_pj1_Et_leadjet.pdf, id=1385, 569.12625pt x 385.44pt>
File: PDFsyst_pj1_Et_leadjet.pdf Graphic file (type pdf)

<use PDFsyst_pj1_Et_leadjet.pdf>
<PDFsyst_pj1_Ht.pdf, id=1386, 569.12625pt x 385.44pt>
File: PDFsyst_pj1_Ht.pdf Graphic file (type pdf)
 <use PDFsyst_pj1_Ht.pdf>
<PDFsyst_pj1_InvM_phojet.pdf, id=1387, 569.12625pt x 385.44pt>
File: PDFsyst_pj1_InvM_phojet.pdf Graphic file (type pdf)

<use PDFsyst_pj1_InvM_phojet.pdf>
Overfull \hbox (2.31036pt too wide) in paragraph at lines 46--47
[]\OT1/cmr/m/n/12 The de-pen-dence on the renor-mal-iza-tion, fac-tor-iza-tion,
 and frag-men-ta-tion scales
 []

<Q2syst_pj1_Et_pho.pdf, id=1388, 569.12625pt x 383.4325pt>
File: Q2syst_pj1_Et_pho.pdf Graphic file (type pdf)

<use Q2syst_pj1_Et_pho.pdf>
<Q2syst_pj1_Et_leadjet.pdf, id=1389, 569.12625pt x 383.4325pt>
File: Q2syst_pj1_Et_leadjet.pdf Graphic file (type pdf)

<use Q2syst_pj1_Et_leadjet.pdf>
<Q2syst_pj1_Ht.pdf, id=1390, 569.12625pt x 383.4325pt>
File: Q2syst_pj1_Ht.pdf Graphic file (type pdf)
 <use Q2syst_pj1_Ht.pdf>
<Q2syst_pj1_InvM_phojet.pdf, id=1391, 569.12625pt x 383.4325pt>
File: Q2syst_pj1_InvM_phojet.pdf Graphic file (type pdf)

<use Q2syst_pj1_InvM_phojet.pdf>

LaTeX Font Warning: Font shape `OT1/cmr/bx/sc' undefined
(Font)              using `OT1/cmr/bx/n' instead on input line 68.

[133] [134 <./PDFsyst_pj1_Et_pho.pdf> <./PDFsyst_pj1_Et_leadjet.pdf> <./PDFsyst
_pj1_Ht.pdf> <./PDFsyst_pj1_InvM_phojet.pdf>] [135 <./Q2syst_pj1_Et_pho.pdf> <.
/Q2syst_pj1_Et_leadjet.pdf> <./Q2syst_pj1_Ht.pdf> <./Q2syst_pj1_InvM_phojet.pdf
>] <AlphaSsyst_pj1_Et_pho.pdf, id=1482, 569.12625pt x 385.44pt>
File: AlphaSsyst_pj1_Et_pho.pdf Graphic file (type pdf)

<use AlphaSsyst_pj1_Et_pho.pdf>
<AlphaSsyst_pj1_Et_leadjet.pdf, id=1483, 569.12625pt x 385.44pt>
File: AlphaSsyst_pj1_Et_leadjet.pdf Graphic file (type pdf)

<use AlphaSsyst_pj1_Et_leadjet.pdf>
<AlphaSsyst_pj1_Ht.pdf, id=1484, 569.12625pt x 385.44pt>
File: AlphaSsyst_pj1_Ht.pdf Graphic file (type pdf)

<use AlphaSsyst_pj1_Ht.pdf>
<AlphaS_systpj1_InvM_phojet.pdf, id=1485, 569.12625pt x 385.44pt>
File: AlphaS_systpj1_InvM_phojet.pdf Graphic file (type pdf)

<use AlphaS_systpj1_InvM_phojet.pdf> [136 <./AlphaSsyst_pj1_Et_pho.pdf> <./Alph
aSsyst_pj1_Et_leadjet.pdf> <./AlphaSsyst_pj1_Ht.pdf> <./AlphaS_systpj1_InvM_pho
jet.pdf>] [137]
<./MtdB_Sideband_SigmaWeights.pdf, id=1544, 569.12625pt x 385.44pt>
File: ./MtdB_Sideband_SigmaWeights.pdf Graphic file (type pdf)

<use ./MtdB_Sideband_SigmaWeights.pdf>
Overfull \hbox (55.92134pt too wide) in paragraph at lines 125--126
 [][] 
 []

<./G30Jets_Errs_MtdA_plot1_Et_pho.pdf, id=1545, 569.12625pt x 736.7525pt>
File: ./G30Jets_Errs_MtdA_plot1_Et_pho.pdf Graphic file (type pdf)

<use ./G30Jets_Errs_MtdA_plot1_Et_pho.pdf>
<./G30Jets_Errs_MtdA_plot1_Et_j1.pdf, id=1546, 569.12625pt x 736.7525pt>
File: ./G30Jets_Errs_MtdA_plot1_Et_j1.pdf Graphic file (type pdf)

<use ./G30Jets_Errs_MtdA_plot1_Et_j1.pdf>
<./G30Jets_Errs_MtdA_plot1_InvMass_pj1.pdf, id=1547, 569.12625pt x 736.7525pt>
File: ./G30Jets_Errs_MtdA_plot1_InvMass_pj1.pdf Graphic file (type pdf)

<use ./G30Jets_Errs_MtdA_plot1_InvMass_pj1.pdf>
<./G30Jets_Errs_MtdA_plot1_Ht.pdf, id=1548, 569.12625pt x 736.7525pt>
File: ./G30Jets_Errs_MtdA_plot1_Ht.pdf Graphic file (type pdf)

<use ./G30Jets_Errs_MtdA_plot1_Ht.pdf>
<./G30Jets_Errs_MtdB_plot1_Et_pho.pdf, id=1549, 569.12625pt x 736.7525pt>
File: ./G30Jets_Errs_MtdB_plot1_Et_pho.pdf Graphic file (type pdf)

<use ./G30Jets_Errs_MtdB_plot1_Et_pho.pdf>
<./G30Jets_Errs_MtdB_plot1_Et_j1.pdf, id=1550, 569.12625pt x 736.7525pt>
File: ./G30Jets_Errs_MtdB_plot1_Et_j1.pdf Graphic file (type pdf)

<use ./G30Jets_Errs_MtdB_plot1_Et_j1.pdf>
<./G30Jets_Errs_MtdB_plot1_InvMass_pj1.pdf, id=1551, 569.12625pt x 736.7525pt>
File: ./G30Jets_Errs_MtdB_plot1_InvMass_pj1.pdf Graphic file (type pdf)

<use ./G30Jets_Errs_MtdB_plot1_InvMass_pj1.pdf>) [138] [139 <./MtdB_Sideband_Si
gmaWeights.pdf>] [140 <./G30Jets_Errs_MtdA_plot1_Et_pho.pdf>] [141 <./G30Jets_E
rrs_MtdA_plot1_Et_j1.pdf>] [142 <./G30Jets_Errs_MtdA_plot1_InvMass_pj1.pdf>]
[143 <./G30Jets_Errs_MtdA_plot1_Ht.pdf>] [144 <./G30Jets_Errs_MtdB_plot1_Et_pho
.pdf>] [145 <./G30Jets_Errs_MtdB_plot1_Et_j1.pdf>] [146 <./G30Jets_Errs_MtdB_pl
ot1_InvMass_pj1.pdf>]
**************************
 \th@ChapterStyle\th@DoChapCenterCHAPTER 9.
(./Results.tex [147

] [148] [149] [150] [151]
<G30Jets_MtdA_plot1_Et_pho.pdf, id=1735, 569.12625pt x 736.7525pt>
File: G30Jets_MtdA_plot1_Et_pho.pdf Graphic file (type pdf)

<use G30Jets_MtdA_plot1_Et_pho.pdf>
<G30Jets_MtdA_plot1_Et_j1.pdf, id=1736, 569.12625pt x 736.7525pt>
File: G30Jets_MtdA_plot1_Et_j1.pdf Graphic file (type pdf)

<use G30Jets_MtdA_plot1_Et_j1.pdf>
<G30Jets_MtdA_plot1_Ht.pdf, id=1737, 569.12625pt x 736.7525pt>
File: G30Jets_MtdA_plot1_Ht.pdf Graphic file (type pdf)

<use G30Jets_MtdA_plot1_Ht.pdf>
<G30Jets_MtdA_plot1_InvMass_pj1.pdf, id=1738, 569.12625pt x 736.7525pt>
File: G30Jets_MtdA_plot1_InvMass_pj1.pdf Graphic file (type pdf)

<use G30Jets_MtdA_plot1_InvMass_pj1.pdf> [152

 <./G30Jets_MtdA_plot1_Et_pho.pdf> <./G30Jets_MtdA_plot1_Et_j1.pdf> <./G30Jets_
MtdA_plot1_Ht.pdf> <./G30Jets_MtdA_plot1_InvMass_pj1.pdf>]
<G30Jets_MtdA_plot1_Met.pdf, id=1794, 569.12625pt x 736.7525pt>
File: G30Jets_MtdA_plot1_Met.pdf Graphic file (type pdf)

<use G30Jets_MtdA_plot1_Met.pdf>
<G30Jets_MtdA_plot1_NJet.pdf, id=1795, 569.12625pt x 736.7525pt>
File: G30Jets_MtdA_plot1_NJet.pdf Graphic file (type pdf)

<use G30Jets_MtdA_plot1_NJet.pdf>
<G30Jets_MtdA_plot2_Et_pho.pdf, id=1796, 569.12625pt x 736.7525pt>
File: G30Jets_MtdA_plot2_Et_pho.pdf Graphic file (type pdf)

<use G30Jets_MtdA_plot2_Et_pho.pdf>
<G30Jets_MtdA_plot2_Et_j1.pdf, id=1797, 569.12625pt x 736.7525pt>
File: G30Jets_MtdA_plot2_Et_j1.pdf Graphic file (type pdf)

<use G30Jets_MtdA_plot2_Et_j1.pdf> [153

 <./G30Jets_MtdA_plot1_Met.pdf> <./G30Jets_MtdA_plot1_NJet.pdf> <./G30Jets_MtdA
_plot2_Et_pho.pdf> <./G30Jets_MtdA_plot2_Et_j1.pdf>] <G30Jets_MtdA_plot2_Ht.pdf
, id=1853, 569.12625pt x 736.7525pt>
File: G30Jets_MtdA_plot2_Ht.pdf Graphic file (type pdf)

<use G30Jets_MtdA_plot2_Ht.pdf>
<G30Jets_MtdA_plot2_InvMass_j1j2.pdf, id=1854, 569.12625pt x 736.7525pt>
File: G30Jets_MtdA_plot2_InvMass_j1j2.pdf Graphic file (type pdf)

<use G30Jets_MtdA_plot2_InvMass_j1j2.pdf>
<G30Jets_MtdA_plot2_InvMass_pj1j2.pdf, id=1855, 569.12625pt x 736.7525pt>
File: G30Jets_MtdA_plot2_InvMass_pj1j2.pdf Graphic file (type pdf)

<use G30Jets_MtdA_plot2_InvMass_pj1j2.pdf>
<G30Jets_MtdA_plot2_InvMass_pj1.pdf, id=1856, 569.12625pt x 736.7525pt>
File: G30Jets_MtdA_plot2_InvMass_pj1.pdf Graphic file (type pdf)

<use G30Jets_MtdA_plot2_InvMass_pj1.pdf> [154

 <./G30Jets_MtdA_plot2_Ht.pdf> <./G30Jets_MtdA_plot2_InvMass_j1j2.pdf> <./G30Je
ts_MtdA_plot2_InvMass_pj1j2.pdf> <./G30Jets_MtdA_plot2_InvMass_pj1.pdf>]
<G30Jets_MtdA_plot2_Met.pdf, id=1912, 569.12625pt x 736.7525pt>
File: G30Jets_MtdA_plot2_Met.pdf Graphic file (type pdf)

<use G30Jets_MtdA_plot2_Met.pdf> [155

 <./G30Jets_MtdA_plot2_Met.pdf>]
<G30JetsMet20_MtdA_plot1_Et_pho.pdf, id=1929, 569.12625pt x 736.7525pt>
File: G30JetsMet20_MtdA_plot1_Et_pho.pdf Graphic file (type pdf)

<use G30JetsMet20_MtdA_plot1_Et_pho.pdf>
<G30JetsMet20_MtdA_plot1_Et_j1.pdf, id=1930, 569.12625pt x 736.7525pt>
File: G30JetsMet20_MtdA_plot1_Et_j1.pdf Graphic file (type pdf)

<use G30JetsMet20_MtdA_plot1_Et_j1.pdf>
<G30JetsMet20_MtdA_plot1_Ht.pdf, id=1931, 569.12625pt x 736.7525pt>
File: G30JetsMet20_MtdA_plot1_Ht.pdf Graphic file (type pdf)

<use G30JetsMet20_MtdA_plot1_Ht.pdf>
<G30JetsMet20_MtdA_plot1_InvMass_pj1.pdf, id=1932, 569.12625pt x 736.7525pt>
File: G30JetsMet20_MtdA_plot1_InvMass_pj1.pdf Graphic file (type pdf)

<use G30JetsMet20_MtdA_plot1_InvMass_pj1.pdf> [156

 <./G30JetsMet20_MtdA_plot1_Et_pho.pdf> <./G30JetsMet20_MtdA_plot1_Et_j1.pdf> <
./G30JetsMet20_MtdA_plot1_Ht.pdf> <./G30JetsMet20_MtdA_plot1_InvMass_pj1.pdf>]
<G30JetsMet20_MtdA_plot1_Met.pdf, id=1988, 569.12625pt x 736.7525pt>
File: G30JetsMet20_MtdA_plot1_Met.pdf Graphic file (type pdf)

<use G30JetsMet20_MtdA_plot1_Met.pdf>
<G30JetsMet20_MtdA_plot1_NJet.pdf, id=1989, 569.12625pt x 736.7525pt>
File: G30JetsMet20_MtdA_plot1_NJet.pdf Graphic file (type pdf)

<use G30JetsMet20_MtdA_plot1_NJet.pdf>
<G30JetsMet20_MtdA_plot2_Et_pho.pdf, id=1990, 569.12625pt x 736.7525pt>
File: G30JetsMet20_MtdA_plot2_Et_pho.pdf Graphic file (type pdf)

<use G30JetsMet20_MtdA_plot2_Et_pho.pdf>
<G30JetsMet20_MtdA_plot2_Et_j1.pdf, id=1991, 569.12625pt x 736.7525pt>
File: G30JetsMet20_MtdA_plot2_Et_j1.pdf Graphic file (type pdf)

<use G30JetsMet20_MtdA_plot2_Et_j1.pdf> [157

 <./G30JetsMet20_MtdA_plot1_Met.pdf> <./G30JetsMet20_MtdA_plot1_NJet.pdf> <./G3
0JetsMet20_MtdA_plot2_Et_pho.pdf> <./G30JetsMet20_MtdA_plot2_Et_j1.pdf>]
<G30JetsMet20_MtdA_plot2_Ht.pdf, id=2048, 569.12625pt x 736.7525pt>
File: G30JetsMet20_MtdA_plot2_Ht.pdf Graphic file (type pdf)

<use G30JetsMet20_MtdA_plot2_Ht.pdf>
<G30JetsMet20_MtdA_plot2_InvMass_j1j2.pdf, id=2049, 569.12625pt x 736.7525pt>
File: G30JetsMet20_MtdA_plot2_InvMass_j1j2.pdf Graphic file (type pdf)

<use G30JetsMet20_MtdA_plot2_InvMass_j1j2.pdf>
<G30JetsMet20_MtdA_plot2_InvMass_pj1j2.pdf, id=2050, 569.12625pt x 736.7525pt>
File: G30JetsMet20_MtdA_plot2_InvMass_pj1j2.pdf Graphic file (type pdf)

<use G30JetsMet20_MtdA_plot2_InvMass_pj1j2.pdf>
<G30JetsMet20_MtdA_plot2_InvMass_pj1.pdf, id=2051, 569.12625pt x 736.7525pt>
File: G30JetsMet20_MtdA_plot2_InvMass_pj1.pdf Graphic file (type pdf)

<use G30JetsMet20_MtdA_plot2_InvMass_pj1.pdf> [158

 <./G30JetsMet20_MtdA_plot2_Ht.pdf> <./G30JetsMet20_MtdA_plot2_InvMass_j1j2.pdf
> <./G30JetsMet20_MtdA_plot2_InvMass_pj1j2.pdf> <./G30JetsMet20_MtdA_plot2_InvM
ass_pj1.pdf>]
<G30JetsMet20_MtdA_plot2_Met.pdf, id=2107, 569.12625pt x 736.7525pt>
File: G30JetsMet20_MtdA_plot2_Met.pdf Graphic file (type pdf)

<use G30JetsMet20_MtdA_plot2_Met.pdf> [159 <./G30JetsMet20_MtdA_plot2_Met.pdf>]
<G30Jets_MtdB_plot1_Et_pho.pdf, id=2124, 569.12625pt x 736.7525pt>
File: G30Jets_MtdB_plot1_Et_pho.pdf Graphic file (type pdf)

<use G30Jets_MtdB_plot1_Et_pho.pdf>
<G30Jets_MtdB_plot1_Et_j1.pdf, id=2125, 569.12625pt x 736.7525pt>
File: G30Jets_MtdB_plot1_Et_j1.pdf Graphic file (type pdf)

<use G30Jets_MtdB_plot1_Et_j1.pdf>
<G30Jets_MtdB_plot1_Ht.pdf, id=2126, 569.12625pt x 736.7525pt>
File: G30Jets_MtdB_plot1_Ht.pdf Graphic file (type pdf)

<use G30Jets_MtdB_plot1_Ht.pdf>
<G30Jets_MtdB_plot1_InvMass_pj1.pdf, id=2127, 569.12625pt x 736.7525pt>
File: G30Jets_MtdB_plot1_InvMass_pj1.pdf Graphic file (type pdf)

<use G30Jets_MtdB_plot1_InvMass_pj1.pdf> [160


 <./G30Jets_MtdB_plot1_Et_pho.pdf> <./G30Jets_MtdB_plot1_Et_j1.pdf> <./G30Jets_
MtdB_plot1_Ht.pdf> <./G30Jets_MtdB_plot1_InvMass_pj1.pdf>]
<G30Jets_MtdB_plot1_Met.pdf, id=2183, 569.12625pt x 736.7525pt>
File: G30Jets_MtdB_plot1_Met.pdf Graphic file (type pdf)

<use G30Jets_MtdB_plot1_Met.pdf>
<G30Jets_MtdB_plot1_NJet.pdf, id=2184, 569.12625pt x 736.7525pt>
File: G30Jets_MtdB_plot1_NJet.pdf Graphic file (type pdf)

<use G30Jets_MtdB_plot1_NJet.pdf>
<G30Jets_MtdB_plot2_Et_pho.pdf, id=2185, 569.12625pt x 736.7525pt>
File: G30Jets_MtdB_plot2_Et_pho.pdf Graphic file (type pdf)

<use G30Jets_MtdB_plot2_Et_pho.pdf>
<G30Jets_MtdB_plot2_Et_j1.pdf, id=2186, 569.12625pt x 736.7525pt>
File: G30Jets_MtdB_plot2_Et_j1.pdf Graphic file (type pdf)

<use G30Jets_MtdB_plot2_Et_j1.pdf> [161

 <./G30Jets_MtdB_plot1_Met.pdf> <./G30Jets_MtdB_plot1_NJet.pdf> <./G30Jets_MtdB
_plot2_Et_pho.pdf> <./G30Jets_MtdB_plot2_Et_j1.pdf>] <G30Jets_MtdB_plot2_Ht.pdf
, id=2242, 569.12625pt x 736.7525pt>
File: G30Jets_MtdB_plot2_Ht.pdf Graphic file (type pdf)

<use G30Jets_MtdB_plot2_Ht.pdf>
<G30Jets_MtdB_plot2_InvMass_pj1.pdf, id=2243, 569.12625pt x 736.7525pt>
File: G30Jets_MtdB_plot2_InvMass_pj1.pdf Graphic file (type pdf)

<use G30Jets_MtdB_plot2_InvMass_pj1.pdf>
<G30Jets_MtdB_plot2_InvMass_pj1j2.pdf, id=2244, 569.12625pt x 736.7525pt>
File: G30Jets_MtdB_plot2_InvMass_pj1j2.pdf Graphic file (type pdf)

<use G30Jets_MtdB_plot2_InvMass_pj1j2.pdf>
<G30Jets_MtdB_plot2_InvMass_j1j2.pdf, id=2245, 569.12625pt x 736.7525pt>
File: G30Jets_MtdB_plot2_InvMass_j1j2.pdf Graphic file (type pdf)

<use G30Jets_MtdB_plot2_InvMass_j1j2.pdf> [162

 <./G30Jets_MtdB_plot2_Ht.pdf> <./G30Jets_MtdB_plot2_InvMass_pj1.pdf> <./G30Jet
s_MtdB_plot2_InvMass_pj1j2.pdf> <./G30Jets_MtdB_plot2_InvMass_j1j2.pdf>]
<G30Jets_MtdB_plot2_Met.pdf, id=2301, 569.12625pt x 736.7525pt>
File: G30Jets_MtdB_plot2_Met.pdf Graphic file (type pdf)

<use G30Jets_MtdB_plot2_Met.pdf> [163

 <./G30Jets_MtdB_plot2_Met.pdf>]
<G30JetsMet20_MtdB_plot1_Et_pho.pdf, id=2319, 569.12625pt x 736.7525pt>
File: G30JetsMet20_MtdB_plot1_Et_pho.pdf Graphic file (type pdf)

<use G30JetsMet20_MtdB_plot1_Et_pho.pdf>
<G30JetsMet20_MtdB_plot1_Et_j1.pdf, id=2320, 569.12625pt x 736.7525pt>
File: G30JetsMet20_MtdB_plot1_Et_j1.pdf Graphic file (type pdf)

<use G30JetsMet20_MtdB_plot1_Et_j1.pdf>
<G30JetsMet20_MtdB_plot1_Ht.pdf, id=2321, 569.12625pt x 736.7525pt>
File: G30JetsMet20_MtdB_plot1_Ht.pdf Graphic file (type pdf)

<use G30JetsMet20_MtdB_plot1_Ht.pdf>
<G30JetsMet20_MtdB_plot1_InvMass_pj1.pdf, id=2322, 569.12625pt x 736.7525pt>
File: G30JetsMet20_MtdB_plot1_InvMass_pj1.pdf Graphic file (type pdf)

<use G30JetsMet20_MtdB_plot1_InvMass_pj1.pdf> [164

 <./G30JetsMet20_MtdB_plot1_Et_pho.pdf> <./G30JetsMet20_MtdB_plot1_Et_j1.pdf> <
./G30JetsMet20_MtdB_plot1_Ht.pdf> <./G30JetsMet20_MtdB_plot1_InvMass_pj1.pdf>]
<G30JetsMet20_MtdB_plot1_Met.pdf, id=2378, 569.12625pt x 736.7525pt>
File: G30JetsMet20_MtdB_plot1_Met.pdf Graphic file (type pdf)

<use G30JetsMet20_MtdB_plot1_Met.pdf>
<G30JetsMet20_MtdB_plot1_NJet.pdf, id=2379, 569.12625pt x 736.7525pt>
File: G30JetsMet20_MtdB_plot1_NJet.pdf Graphic file (type pdf)

<use G30JetsMet20_MtdB_plot1_NJet.pdf>
<G30JetsMet20_MtdB_plot2_Et_pho.pdf, id=2380, 569.12625pt x 736.7525pt>
File: G30JetsMet20_MtdB_plot2_Et_pho.pdf Graphic file (type pdf)

<use G30JetsMet20_MtdB_plot2_Et_pho.pdf>
<G30JetsMet20_MtdB_plot2_Et_j1.pdf, id=2381, 569.12625pt x 736.7525pt>
File: G30JetsMet20_MtdB_plot2_Et_j1.pdf Graphic file (type pdf)

<use G30JetsMet20_MtdB_plot2_Et_j1.pdf> [165

 <./G30JetsMet20_MtdB_plot1_Met.pdf> <./G30JetsMet20_MtdB_plot1_NJet.pdf> <./G3
0JetsMet20_MtdB_plot2_Et_pho.pdf> <./G30JetsMet20_MtdB_plot2_Et_j1.pdf>]
<G30JetsMet20_MtdB_plot2_Ht.pdf, id=2437, 569.12625pt x 736.7525pt>
File: G30JetsMet20_MtdB_plot2_Ht.pdf Graphic file (type pdf)

<use G30JetsMet20_MtdB_plot2_Ht.pdf>
<G30JetsMet20_MtdB_plot2_InvMass_pj1.pdf, id=2438, 569.12625pt x 736.7525pt>
File: G30JetsMet20_MtdB_plot2_InvMass_pj1.pdf Graphic file (type pdf)

<use G30JetsMet20_MtdB_plot2_InvMass_pj1.pdf>
<G30JetsMet20_MtdB_plot2_InvMass_pj1j2.pdf, id=2439, 569.12625pt x 736.7525pt>
File: G30JetsMet20_MtdB_plot2_InvMass_pj1j2.pdf Graphic file (type pdf)

<use G30JetsMet20_MtdB_plot2_InvMass_pj1j2.pdf>
<G30JetsMet20_MtdB_plot2_InvMass_j1j2.pdf, id=2440, 569.12625pt x 736.7525pt>
File: G30JetsMet20_MtdB_plot2_InvMass_j1j2.pdf Graphic file (type pdf)

<use G30JetsMet20_MtdB_plot2_InvMass_j1j2.pdf> [166

 <./G30JetsMet20_MtdB_plot2_Ht.pdf> <./G30JetsMet20_MtdB_plot2_InvMass_pj1.pdf>
 <./G30JetsMet20_MtdB_plot2_InvMass_pj1j2.pdf> <./G30JetsMet20_MtdB_plot2_InvMa
ss_j1j2.pdf>]
<G30JetsMet20_MtdB_plot2_Met.pdf, id=2496, 569.12625pt x 736.7525pt>
File: G30JetsMet20_MtdB_plot2_Met.pdf Graphic file (type pdf)

<use G30JetsMet20_MtdB_plot2_Met.pdf> [167

 <./G30JetsMet20_MtdB_plot2_Met.pdf>] <gjets_pj1_pj1MassFit.pdf, id=2513, 569.1
2625pt x 552.0625pt>
File: gjets_pj1_pj1MassFit.pdf Graphic file (type pdf)

<use gjets_pj1_pj1MassFit.pdf>
Overfull \hbox (27.46336pt too wide) in paragraph at lines 315--316
 [][] 
 []

<gjets_pj2_pj1MassFit.pdf, id=2514, 569.12625pt x 552.0625pt>
File: gjets_pj2_pj1MassFit.pdf Graphic file (type pdf)

<use gjets_pj2_pj1MassFit.pdf>
Overfull \hbox (27.46336pt too wide) in paragraph at lines 322--323
 [][] 
 []

<gjets_pj2_pj1j2MassFit.pdf, id=2515, 569.12625pt x 552.0625pt>
File: gjets_pj2_pj1j2MassFit.pdf Graphic file (type pdf)

<use gjets_pj2_pj1j2MassFit.pdf>
Overfull \hbox (27.46336pt too wide) in paragraph at lines 329--330
 [][] 
 []

<gjets_pj2_j1j2MassFit.pdf, id=2516, 569.12625pt x 552.0625pt>
File: gjets_pj2_j1j2MassFit.pdf Graphic file (type pdf)

<use gjets_pj2_j1j2MassFit.pdf>
Overfull \hbox (27.46336pt too wide) in paragraph at lines 336--337
 [][] 
 []

<gjetsmet_pj1_pj1MassFit.pdf, id=2517, 569.12625pt x 552.0625pt>
File: gjetsmet_pj1_pj1MassFit.pdf Graphic file (type pdf)

<use gjetsmet_pj1_pj1MassFit.pdf>
Overfull \hbox (27.46336pt too wide) in paragraph at lines 344--345
 [][] 
 []

<gjetsmet_pj2_pj1MassFit.pdf, id=2518, 569.12625pt x 552.0625pt>
File: gjetsmet_pj2_pj1MassFit.pdf Graphic file (type pdf)

<use gjetsmet_pj2_pj1MassFit.pdf>
Overfull \hbox (27.46336pt too wide) in paragraph at lines 351--352
 [][] 
 []

<gjetsmet_pj2_pj1j2MassFit.pdf, id=2519, 569.12625pt x 552.0625pt>
File: gjetsmet_pj2_pj1j2MassFit.pdf Graphic file (type pdf)

<use gjetsmet_pj2_pj1j2MassFit.pdf>
Overfull \hbox (27.46336pt too wide) in paragraph at lines 358--359
 [][] 
 []

<gjetsmet_pj2_j1j2MassFit.pdf, id=2520, 569.12625pt x 552.0625pt>
File: gjetsmet_pj2_j1j2MassFit.pdf Graphic file (type pdf)

<use gjetsmet_pj2_j1j2MassFit.pdf>
Overfull \hbox (27.46336pt too wide) in paragraph at lines 365--366
 [][] 
 []

) [168

] [169 <./gjets_pj1_pj1MassFit.pdf>] [170 <./gjets_pj2_pj1MassFit.pdf>]
[171 <./gjets_pj2_pj1j2MassFit.pdf>] [172 <./gjets_pj2_j1j2MassFit.pdf>]
[173 <./gjetsmet_pj1_pj1MassFit.pdf>] [174 <./gjetsmet_pj2_pj1MassFit.pdf>]
[175 <./gjetsmet_pj2_pj1j2MassFit.pdf>] [176 <./gjetsmet_pj2_j1j2MassFit.pdf>]
**************************
 \th@ChapterStyle\th@DoChapCenterCHAPTER 10.
(./Conclusions.tex) [177

] [178]
**************************
 \th@ChapterStyle\th@DoChapCenterAPPENDIX A.
(./Appendix_CESCPRMtd.tex [179

]) [180] [181]
**************************
 \th@ChapterStyle\th@DoChapCenterAPPENDIX B.
(./MetModel.tex [182

]
<./MetModel_fakeMET_topologicalDependence.png, id=2665, 1157.07281pt x 424.5862
4pt>
File: ./MetModel_fakeMET_topologicalDependence.png Graphic file (type png)
 <use ./MetModel_fakeMET_topologicalDependence.png> [183 <./MetModel_fakeMET_to
pologicalDependence.png>]
<./MetModel_UnclParameterization.png, id=2669, 962.84718pt x 296.60812pt>
File: ./MetModel_UnclParameterization.png Graphic file (type png)

<use ./MetModel_UnclParameterization.png> [184 <./MetModel_UnclParameterization
.png>] <./MetModel_JER.pdf, id=2673, 569.12625pt x 385.44pt>
File: ./MetModel_JER.pdf Graphic file (type pdf)

<use ./MetModel_JER.pdf>
<./MetModel_Jer1.png, id=2674, 545.78906pt x 257.46187pt>
File: ./MetModel_Jer1.png Graphic file (type png)

<use ./MetModel_Jer1.png>
<./MetModel_Jer2.png, id=2675, 540.51938pt x 258.21469pt>
File: ./MetModel_Jer2.png Graphic file (type png)

<use ./MetModel_Jer2.png> [185]

LaTeX Warning: Text page 186 contains only floats.


Overfull \vbox (36.93333pt too high) has occurred while \output is active []


[186 <./MetModel_JER.pdf> <./MetModel_Jer1.png> <./MetModel_Jer2.png>] [187])
[188] (./Bibliography.tex
Underfull \hbox (badness 10000) in paragraph at lines 18--19
[]\OT1/cmr/m/n/12 A. Gar-rett Lisi, \OT1/cmr/m/it/12 ``An Ex-cep-tion-ally Sim-
ple The-ory of Ev-ery-thing''\OT1/cmr/m/n/12 ,
 []

[189

] [190]
Underfull \hbox (badness 10000) in paragraph at lines 87--88
[]\OT1/cmr/m/n/12 ``http://wwwinfo.cern.ch/asd/geant4/G4UsersDocuments/Overview
/html
 []

[191]
Underfull \hbox (badness 10000) in paragraph at lines 111--112
[]\OT1/cmr/m/n/12 ``http://www-cdf.fnal.gov/internal/physics/joint[]physics/ins
tructions
 []


Underfull \hbox (badness 10000) in paragraph at lines 115--116
[]\OT1/cmr/m/n/12 ``http://www-cdf.fnal.gov/internal/physics/joint[]physics/age
nda/20050527-
 []

) [192] (./gJetsThesis_BUformat.aux)

LaTeX Font Warning: Some font shapes were not available, defaults substituted.

 ) 
Here is how much of TeX's memory you used:
 5219 strings out of 94500
 88187 string characters out of 1176114
 114848 words of memory out of 1500000
 8077 multiletter control sequences out of 10000+50000
 16131 words of font info for 60 fonts, out of 1200000 for 2000
 580 hyphenation exceptions out of 8191
 28i,15n,32p,1637b,419s stack positions out of 5000i,500n,6000p,200000b,5000s
PDF statistics:
 2713 PDF objects out of 65536
 0 named destinations out of 20000
 951 words of extra memory for PDF output out of 65536
</sw/share/texmf-dist/fonts/type1/bluesky/cm/cmbsy10.pfb></sw/share/texmf-dis
t/fonts/type1/bluesky/cm/cmmib10.pfb></sw/share/texmf-dist/fonts/type1/bluesky/
cm/cmmi10.pfb></sw/share/texmf-dist/fonts/type1/bluesky/cm/cmsy6.pfb></sw/share
/texmf-dist/fonts/type1/public/tt2001/fmex8.pfb></sw/share/texmf-dist/fonts/typ
e1/bluesky/cm/cmr7.pfb></sw/share/texmf-dist/fonts/type1/bluesky/cm/cmr17.pfb><
/sw/share/texmf-dist/fonts/type1/bluesky/symbols/msbm10.pfb></sw/share/texmf-di
st/fonts/type1/bluesky/symbols/msbm7.pfb></sw/share/texmf-dist/fonts/type1/blue
sky/symbols/msam10.pfb></sw/share/texmf-dist/fonts/type1/bluesky/cm/cmmi6.pfb><
/sw/share/texmf-dist/fonts/type1/bluesky/cm/cmr6.pfb></sw/share/texmf-dist/font
s/type1/bluesky/cm/cmbx12.pfb></sw/share/texmf-dist/fonts/type1/bluesky/cm/cmr1
0.pfb></sw/share/texmf-dist/fonts/type1/bluesky/cm/cmtt12.pfb></sw/share/texmf-
dist/fonts/type1/bluesky/cm/cmsy8.pfb></sw/share/texmf-dist/fonts/type1/bluesky
/cm/cmex10.pfb></sw/share/texmf-dist/fonts/type1/bluesky/cm/cmti12.pfb></sw/sha
re/texmf-dist/fonts/type1/bluesky/cm/cmr8.pfb></sw/share/texmf-dist/fonts/type1
/bluesky/cm/cmsl12.pfb></sw/share/texmf-dist/fonts/type1/bluesky/cm/cmmi8.pfb><
/sw/share/texmf-dist/fonts/type1/bluesky/cm/cmcsc10.pfb> </sw/var/lib/texmf/fon
ts/pk/ljfour/jknappen/tc/tcrm1200.600pk></sw/share/texmf-dist/fonts/type1/blues
ky/cm/cmti8.pfb></sw/share/texmf-dist/fonts/type1/bluesky/cm/cmsy10.pfb></sw/sh
are/texmf-dist/fonts/type1/bluesky/cm/cmmi12.pfb></sw/share/texmf-dist/fonts/ty
pe1/bluesky/cm/cmr12.pfb>
Output written on gJetsThesis_BUformat.pdf (216 pages, 12357464 bytes).
